{
  "jsonrpc":"2.0",
  "id":15,
  "value":{
    "stdout":"",
    "stderr":"
      --2022-11-18 06:20:10--
      http://some.example.com:8080/content/filename.ext

      Resolving some.example.com (some.example.com)... 512.51.88.888
      Connecting to some.example.com (some.example.com)|512.51.88.888|:8080... connected.
      HTTP request sent, awaiting response... 200 OK
      Length: 334863 (327K) [image/jpeg]
      Saving to: '/downloads/filename.ext'

      0K   .......... .......... .......... .......... .......... 15% 352K 1s
      50K  .......... .......... .......... .......... .......... 30% 718K 0s
      100K .......... .......... .......... .......... .......... 45% 1.05M 0s
      150K .......... .......... .......... .......... .......... 61% 1.59M 0s
      200K .......... .......... .......... .......... .......... 76% 2.03M 0s
      250K .......... .......... .......... .......... .......... 91% 2.06M 0s
      300K .......... .......... .......... .......... .......... 100% 3.10M=0.3s

      2022-11-18 06:20:11 (946 KB/s) - '/downloads/filename.ext' saved [334863/334863]
      "
  },
  "pid":"server:1 (15)"
}
